android/app/build/outputs/logs/manifest-merger-debug-report.txt
-- Merging decision tree log ---
manifest
ADDED from src\main\AndroidManifest.xml:1:1-67:12
INJECTED from src\main\AndroidManifest.xml:1:1-67:12
INJECTED from src\main\AndroidManifest.xml:1:1-67:12
INJECTED from src\main\AndroidManifest.xml:1:1-67:12
MERGED from src\main\AndroidManifest.xml:1:1-67:12
MERGED from [:react-native-firebase] AndroidManifest.xml:2:1-23:12
MERGED from [com.android.support:multidex:1.0.2] AndroidManifest.xml:17:1-22:12
MERGED from [:react-native-geolocation-service] AndroidManifest.xml:2:1-14:12
MERGED from [:react-native-gesture-handler] AndroidManifest.xml:2:1-11:12
MERGED from [:react-native-fcm] AndroidManifest.xml:2:1-11:12
MERGED from [:react-native-device-info] AndroidManifest.xml:2:1-22:12
MERGED from [:react-native-video] AndroidManifest.xml:2:1-11:12
MERGED from [:react-native-wheel-picker] AndroidManifest.xml:2:1-11:12
MERGED from [:react-native-fs] AndroidManifest.xml:2:1-13:12
MERGED from [:react-native-camera] AndroidManifest.xml:2:1-18:12
MERGED from [:@react-native-community_async-storage] AndroidManifest.xml:2:1-9:12
MERGED from [:react-native-image-picker] AndroidManifest.xml:2:1-23:12
MERGED from [com.facebook.react:react-native:0.59.9] AndroidManifest.xml:2:1-13:12
MERGED from [com.android.support:appcompat-v7:28.0.0] AndroidManifest.xml:17:1-22:12
MERGED from [com.google.firebase:firebase-core:16.0.3] AndroidManifest.xml:2:1-9:12
MERGED from [com.google.firebase:firebase-messaging:17.6.0] AndroidManifest.xml:17:1-37:12
MERGED from [com.google.android.gms:play-services-location:16.0.0] AndroidManifest.xml:2:1-9:12
MERGED from [com.google.android.gms:play-services-gcm:16.1.0] AndroidManifest.xml:17:1-28:12
MERGED from [com.google.android.gms:play-services-vision:17.0.2] AndroidManifest.xml:2:1-9:12
MERGED from [com.google.firebase:firebase-measurement-connector-impl:17.0.1] AndroidManifest.xml:17:1-34:12
MERGED from [com.google.firebase:firebase-analytics:16.0.3] AndroidManifest.xml:17:1-55:12
MERGED from [com.google.android.gms:play-services-measurement-api:16.0.1] AndroidManifest.xml:17:1-25:12
MERGED from [com.google.firebase:firebase-analytics-impl:16.2.1] AndroidManifest.xml:17:1-40:12
MERGED from [com.google.firebase:firebase-iid:17.1.2] AndroidManifest.xml:17:1-59:12
MERGED from [com.google.firebase:firebase-common:16.1.0] AndroidManifest.xml:2:1-19:12
MERGED from [com.google.android.gms:play-services-iid:16.0.1] AndroidManifest.xml:17:1-28:12
MERGED from [com.google.android.gms:play-services-vision-common:17.0.2] AndroidManifest.xml:2:1-9:12
MERGED from [com.google.firebase:firebase-iid-interop:16.0.1] AndroidManifest.xml:2:1-10:12
MERGED from [com.google.android.gms:play-services-clearcut:16.0.0] AndroidManifest.xml:17:1-24:12
MERGED from [com.google.android.gms:play-services-flags:16.0.1] AndroidManifest.xml:17:1-22:12
MERGED from [com.google.android.gms:play-services-phenotype:16.0.0] AndroidManifest.xml:17:1-24:12
MERGED from [com.google.android.gms:play-services-base:16.0.1] AndroidManifest.xml:17:1-29:12
MERGED from [com.google.android.gms:play-services-tasks:16.0.1] AndroidManifest.xml:2:1-9:12
MERGED from [com.google.firebase:firebase-measurement-connector:17.0.1] AndroidManifest.xml:17:1-25:12
MERGED from [com.google.android.gms:play-services-places-placereport:16.0.0] AndroidManifest.xml:17:1-24:12
MERGED from [com.google.android.gms:play-services-stats:16.0.1] AndroidManifest.xml:2:1-9:12
MERGED from [com.google.android.gms:play-services-ads-identifier:15.0.1] AndroidManifest.xml:17:1-24:12
MERGED from [com.google.android.gms:play-services-basement:16.1.0] AndroidManifest.xml:17:1-28:12
MERGED from [com.android.support:support-v4:28.0.0] AndroidManifest.xml:17:1-22:12
MERGED from [me.leolin:ShortcutBadger:1.1.17] AndroidManifest.xml:2:1-52:12
MERGED from [com.android.support:support-fragment:28.0.0] AndroidManifest.xml:17:1-22:12
MERGED from [com.android.support:animated-vector-drawable:28.0.0] AndroidManifest.xml:17:1-22:12
MERGED from [com.android.support:support-core-ui:28.0.0] AndroidManifest.xml:17:1-22:12
MERGED from [com.android.support:support-core-utils:28.0.0] AndroidManifest.xml:17:1-22:12
MERGED from [com.android.support:support-media-compat:28.0.0] AndroidManifest.xml:17:1-22:12
MERGED from [com.google.android.exoplayer:exoplayer:2.9.3] AndroidManifest.xml:17:1-24:12
MERGED from [com.android.support:support-vector-drawable:28.0.0] AndroidManifest.xml:17:1-22:12
MERGED from [com.android.support:loader:28.0.0] AndroidManifest.xml:17:1-22:12
MERGED from [com.android.support:viewpager:28.0.0] AndroidManifest.xml:17:1-22:12
MERGED from [com.android.support:coordinatorlayout:28.0.0] AndroidManifest.xml:17:1-22:12
MERGED from [com.android.support:drawerlayout:28.0.0] AndroidManifest.xml:17:1-22:12
MERGED from [com.android.support:slidingpanelayout:28.0.0] AndroidManifest.xml:17:1-22:12
MERGED from [com.android.support:customview:28.0.0] AndroidManifest.xml:17:1-22:12
MERGED from [com.android.support:swiperefreshlayout:28.0.0] AndroidManifest.xml:17:1-22:12
MERGED from [com.android.support:asynclayoutinflater:28.0.0] AndroidManifest.xml:17:1-22:12
MERGED from [com.android.support:support-compat:28.0.0] AndroidManifest.xml:17:1-24:12
MERGED from [com.google.android.exoplayer:extension-okhttp:2.9.3] AndroidManifest.xml:17:1-24:12
MERGED from [com.android.support:exifinterface:28.0.0] AndroidManifest.xml:17:1-22:12
MERGED from [com.android.support:versionedparcelable:28.0.0] AndroidManifest.xml:17:1-25:12
MERGED from [com.android.support:cursoradapter:28.0.0] AndroidManifest.xml:17:1-22:12
MERGED from [com.android.support:documentfile:28.0.0] AndroidManifest.xml:17:1-22:12
MERGED from [com.android.support:localbroadcastmanager:28.0.0] AndroidManifest.xml:17:1-22:12
MERGED from [com.android.support:print:28.0.0] AndroidManifest.xml:17:1-22:12
MERGED from [com.google.android.exoplayer:exoplayer-dash:2.9.3] AndroidManifest.xml:17:1-24:12
MERGED from [com.google.android.exoplayer:exoplayer-hls:2.9.3] AndroidManifest.xml:17:1-24:12
MERGED from [com.google.android.exoplayer:exoplayer-smoothstreaming:2.9.3] AndroidManifest.xml:17:1-24:12
MERGED from [com.google.android.exoplayer:exoplayer-ui:2.9.3] AndroidManifest.xml:17:1-24:12
MERGED from [com.google.android.exoplayer:exoplayer-core:2.9.3] AndroidManifest.xml:17:1-26:12
MERGED from [android.arch.lifecycle:runtime:1.1.1] AndroidManifest.xml:17:1-22:12
MERGED from [android.arch.lifecycle:viewmodel:1.1.1] AndroidManifest.xml:17:1-22:12
MERGED from [com.android.support:interpolator:28.0.0] AndroidManifest.xml:17:1-22:12
MERGED from [android.arch.lifecycle:livedata:1.1.1] AndroidManifest.xml:17:1-22:12
MERGED from [android.arch.lifecycle:livedata-core:1.1.1] AndroidManifest.xml:17:1-22:12
MERGED from [android.arch.core:runtime:1.1.1] AndroidManifest.xml:17:1-22:12
MERGED from [com.facebook.fresco:imagepipeline-okhttp3:1.10.0] AndroidManifest.xml:2:1-9:12
MERGED from [cn.aigestudio.wheelpicker:WheelPicker:1.0.3] AndroidManifest.xml:2:1-12:12
MERGED from [com.facebook.fresco:fresco:1.10.0] AndroidManifest.xml:2:1-9:12
MERGED from [com.facebook.fresco:drawee:1.10.0] AndroidManifest.xml:2:1-9:12
MERGED from [com.facebook.fresco:imagepipeline:1.10.0] AndroidManifest.xml:2:1-9:12
MERGED from [com.facebook.fresco:imagepipeline-base:1.10.0] AndroidManifest.xml:2:1-9:12
MERGED from [com.facebook.soloader:soloader:0.6.0] AndroidManifest.xml:2:1-13:12
MERGED from [com.facebook.fresco:fbcore:1.10.0] AndroidManifest.xml:2:1-9:12
MERGED from [com.google.android.gms:play-services-measurement-base:16.0.2] AndroidManifest.xml:2:1-9:12
INJECTED from src\debug\AndroidManifest.xml:2:1-8:12
INJECTED from src\debug\AndroidManifest.xml:2:1-8:12
INJECTED from src\debug\AndroidManifest.xml:2:1-8:12
	package
		ADDED from src\main\AndroidManifest.xml:2:3-32
		INJECTED from src\main\AndroidManifest.xml
		ADDED from src\main\AndroidManifest.xml:2:3-32
		INJECTED from src\debug\AndroidManifest.xml
	android:versionName
		INJECTED from src\main\AndroidManifest.xml
		ADDED from src\main\AndroidManifest.xml:1:1-67:12
		INJECTED from src\debug\AndroidManifest.xml
	xmlns:tools
		ADDED from src\debug\AndroidManifest.xml:3:5-51
	android:versionCode
		INJECTED from src\main\AndroidManifest.xml
		ADDED from src\main\AndroidManifest.xml:1:1-67:12
		INJECTED from src\debug\AndroidManifest.xml
	xmlns:android
		ADDED from src\main\AndroidManifest.xml:1:11-69
uses-permission#android.permission.INTERNET
ADDED from src\main\AndroidManifest.xml:4:5-67
MERGED from [:react-native-firebase] AndroidManifest.xml:11:5-67
MERGED from [:react-native-firebase] AndroidManifest.xml:11:5-67
MERGED from [:react-native-geolocation-service] AndroidManifest.xml:9:5-67
MERGED from [:react-native-geolocation-service] AndroidManifest.xml:9:5-67
MERGED from [com.google.android.gms:play-services-gcm:16.1.0] AndroidManifest.xml:24:5-67
MERGED from [com.google.android.gms:play-services-gcm:16.1.0] AndroidManifest.xml:24:5-67
MERGED from [com.google.firebase:firebase-measurement-connector-impl:17.0.1] AndroidManifest.xml:22:5-67
MERGED from [com.google.firebase:firebase-measurement-connector-impl:17.0.1] AndroidManifest.xml:22:5-67
MERGED from [com.google.firebase:firebase-analytics:16.0.3] AndroidManifest.xml:23:5-67
MERGED from [com.google.firebase:firebase-analytics:16.0.3] AndroidManifest.xml:23:5-67
MERGED from [com.google.firebase:firebase-analytics-impl:16.2.1] AndroidManifest.xml:23:5-67
MERGED from [com.google.firebase:firebase-analytics-impl:16.2.1] AndroidManifest.xml:23:5-67
MERGED from [com.google.firebase:firebase-iid:17.1.2] AndroidManifest.xml:23:5-67
MERGED from [com.google.firebase:firebase-iid:17.1.2] AndroidManifest.xml:23:5-67
MERGED from [com.google.android.gms:play-services-iid:16.0.1] AndroidManifest.xml:24:5-67
MERGED from [com.google.android.gms:play-services-iid:16.0.1] AndroidManifest.xml:24:5-67
	android:name
		ADDED from src\main\AndroidManifest.xml:4:22-64
uses-permission#android.permission.SYSTEM_ALERT_WINDOW
ADDED from src\main\AndroidManifest.xml:5:5-78
MERGED from src\main\AndroidManifest.xml:5:5-78
MERGED from src\main\AndroidManifest.xml:5:5-78
	android:name
		ADDED from src\main\AndroidManifest.xml:5:22-75
uses-permission#android.permission.VIBRATE
ADDED from src\main\AndroidManifest.xml:6:5-66
	android:name
		ADDED from src\main\AndroidManifest.xml:6:22-63
uses-permission#android.permission.RECORD_AUDIO
ADDED from src\main\AndroidManifest.xml:7:5-70
	android:name
		ADDED from src\main\AndroidManifest.xml:7:22-68
uses-permission#android.permission.RECORD_VIDEO
ADDED from src\main\AndroidManifest.xml:8:5-70
	android:name
		ADDED from src\main\AndroidManifest.xml:8:22-68
uses-permission#android.permission.WRITE_EXTERNAL_STORAGE
ADDED from src\main\AndroidManifest.xml:9:5-81
MERGED from [:react-native-fs] AndroidManifest.xml:11:5-81
MERGED from [:react-native-fs] AndroidManifest.xml:11:5-81
	android:name
		ADDED from src\main\AndroidManifest.xml:9:22-78
uses-permission#android.permission.READ_EXTERNAL_STORAGE
ADDED from src\main\AndroidManifest.xml:10:5-80
	android:name
		ADDED from src\main\AndroidManifest.xml:10:22-77
uses-permission#android.permission.ACCESS_FINE_LOCATION
ADDED from src\main\AndroidManifest.xml:11:5-79
MERGED from [:react-native-geolocation-service] AndroidManifest.xml:12:5-79
MERGED from [:react-native-geolocation-service] AndroidManifest.xml:12:5-79
	android:name
		ADDED from src\main\AndroidManifest.xml:11:22-76
uses-permission#android.permission.ACCESS_COARSE_LOCATION
ADDED from src\main\AndroidManifest.xml:12:5-81
MERGED from [:react-native-geolocation-service] AndroidManifest.xml:11:5-81
MERGED from [:react-native-geolocation-service] AndroidManifest.xml:11:5-81
	android:name
		ADDED from src\main\AndroidManifest.xml:12:22-78
uses-feature#android.hardware.camera
ADDED from src\main\AndroidManifest.xml:13:5-83
MERGED from [:react-native-camera] AndroidManifest.xml:11:5-13:36
MERGED from [:react-native-camera] AndroidManifest.xml:11:5-13:36
	android:required
		ADDED from src\main\AndroidManifest.xml:13:58-81
	android:name
		ADDED from src\main\AndroidManifest.xml:13:19-57
uses-permission#android.permission.CAMERA
ADDED from src\main\AndroidManifest.xml:14:5-64
MERGED from [:react-native-camera] AndroidManifest.xml:9:5-65
MERGED from [:react-native-camera] AndroidManifest.xml:9:5-65
	android:name
		ADDED from src\main\AndroidManifest.xml:14:22-62
application
ADDED from src\main\AndroidManifest.xml:15:5-65:19
MERGED from src\main\AndroidManifest.xml:15:5-65:19
MERGED from src\main\AndroidManifest.xml:15:5-65:19
MERGED from [:react-native-firebase] AndroidManifest.xml:15:5-21:19
MERGED from [:react-native-firebase] AndroidManifest.xml:15:5-21:19
MERGED from [:react-native-device-info] AndroidManifest.xml:11:5-20:19
MERGED from [:react-native-device-info] AndroidManifest.xml:11:5-20:19
MERGED from [:react-native-image-picker] AndroidManifest.xml:11:5-21:19
MERGED from [:react-native-image-picker] AndroidManifest.xml:11:5-21:19
MERGED from [com.facebook.react:react-native:0.59.9] AndroidManifest.xml:11:5-20
MERGED from [com.facebook.react:react-native:0.59.9] AndroidManifest.xml:11:5-20
MERGED from [com.google.firebase:firebase-core:16.0.3] AndroidManifest.xml:7:5-20
MERGED from [com.google.firebase:firebase-core:16.0.3] AndroidManifest.xml:7:5-20
MERGED from [com.google.firebase:firebase-messaging:17.6.0] AndroidManifest.xml:22:5-35:19
MERGED from [com.google.firebase:firebase-messaging:17.6.0] AndroidManifest.xml:22:5-35:19
MERGED from [com.google.android.gms:play-services-location:16.0.0] AndroidManifest.xml:7:5-20
MERGED from [com.google.android.gms:play-services-location:16.0.0] AndroidManifest.xml:7:5-20
MERGED from [com.google.android.gms:play-services-gcm:16.1.0] AndroidManifest.xml:26:5-20
MERGED from [com.google.android.gms:play-services-gcm:16.1.0] AndroidManifest.xml:26:5-20
MERGED from [com.google.android.gms:play-services-vision:17.0.2] AndroidManifest.xml:7:5-20
MERGED from [com.google.android.gms:play-services-vision:17.0.2] AndroidManifest.xml:7:5-20
MERGED from [com.google.firebase:firebase-measurement-connector-impl:17.0.1] AndroidManifest.xml:26:5-32:19
MERGED from [com.google.firebase:firebase-measurement-connector-impl:17.0.1] AndroidManifest.xml:26:5-32:19
MERGED from [com.google.firebase:firebase-analytics:16.0.3] AndroidManifest.xml:28:5-53:19
MERGED from [com.google.firebase:firebase-analytics:16.0.3] AndroidManifest.xml:28:5-53:19
MERGED from [com.google.android.gms:play-services-measurement-api:16.0.1] AndroidManifest.xml:22:5-23:19
MERGED from [com.google.android.gms:play-services-measurement-api:16.0.1] AndroidManifest.xml:22:5-23:19
MERGED from [com.google.firebase:firebase-analytics-impl:16.2.1] AndroidManifest.xml:28:5-38:19
MERGED from [com.google.firebase:firebase-analytics-impl:16.2.1] AndroidManifest.xml:28:5-38:19
MERGED from [com.google.firebase:firebase-iid:17.1.2] AndroidManifest.xml:28:5-57:19
MERGED from [com.google.firebase:firebase-iid:17.1.2] AndroidManifest.xml:28:5-57:19
MERGED from [com.google.firebase:firebase-common:16.1.0] AndroidManifest.xml:11:5-17:19
MERGED from [com.google.firebase:firebase-common:16.1.0] AndroidManifest.xml:11:5-17:19
MERGED from [com.google.android.gms:play-services-iid:16.0.1] AndroidManifest.xml:26:5-20
MERGED from [com.google.android.gms:play-services-iid:16.0.1] AndroidManifest.xml:26:5-20
MERGED from [com.google.android.gms:play-services-vision-common:17.0.2] AndroidManifest.xml:7:5-20
MERGED from [com.google.android.gms:play-services-vision-common:17.0.2] AndroidManifest.xml:7:5-20
MERGED from [com.google.firebase:firebase-iid-interop:16.0.1] AndroidManifest.xml:7:5-8:19
MERGED from [com.google.firebase:firebase-iid-interop:16.0.1] AndroidManifest.xml:7:5-8:19
MERGED from [com.google.android.gms:play-services-clearcut:16.0.0] AndroidManifest.xml:22:5-20
MERGED from [com.google.android.gms:play-services-clearcut:16.0.0] AndroidManifest.xml:22:5-20
MERGED from [com.google.android.gms:play-services-phenotype:16.0.0] AndroidManifest.xml:22:5-20
MERGED from [com.google.android.gms:play-services-phenotype:16.0.0] AndroidManifest.xml:22:5-20
MERGED from [com.google.android.gms:play-services-base:16.0.1] AndroidManifest.xml:22:5-27:19
MERGED from [com.google.android.gms:play-services-base:16.0.1] AndroidManifest.xml:22:5-27:19
MERGED from [com.google.android.gms:play-services-tasks:16.0.1] AndroidManifest.xml:7:5-20
MERGED from [com.google.android.gms:play-services-tasks:16.0.1] AndroidManifest.xml:7:5-20
MERGED from [com.google.firebase:firebase-measurement-connector:17.0.1] AndroidManifest.xml:22:5-23:19
MERGED from [com.google.firebase:firebase-measurement-connector:17.0.1] AndroidManifest.xml:22:5-23:19
MERGED from [com.google.android.gms:play-services-places-placereport:16.0.0] AndroidManifest.xml:22:5-20
MERGED from [com.google.android.gms:play-services-places-placereport:16.0.0] AndroidManifest.xml:22:5-20
MERGED from [com.google.android.gms:play-services-stats:16.0.1] AndroidManifest.xml:7:5-20
MERGED from [com.google.android.gms:play-services-stats:16.0.1] AndroidManifest.xml:7:5-20
MERGED from [com.google.android.gms:play-services-ads-identifier:15.0.1] AndroidManifest.xml:22:5-20
MERGED from [com.google.android.gms:play-services-ads-identifier:15.0.1] AndroidManifest.xml:22:5-20
MERGED from [com.google.android.gms:play-services-basement:16.1.0] AndroidManifest.xml:22:5-26:19
MERGED from [com.google.android.gms:play-services-basement:16.1.0] AndroidManifest.xml:22:5-26:19
MERGED from [com.android.support:support-compat:28.0.0] AndroidManifest.xml:22:5-94
MERGED from [com.android.support:support-compat:28.0.0] AndroidManifest.xml:22:5-94
MERGED from [com.android.support:versionedparcelable:28.0.0] AndroidManifest.xml:22:5-23:19
MERGED from [com.android.support:versionedparcelable:28.0.0] AndroidManifest.xml:22:5-23:19
MERGED from [com.facebook.soloader:soloader:0.6.0] AndroidManifest.xml:11:5-20
MERGED from [com.facebook.soloader:soloader:0.6.0] AndroidManifest.xml:11:5-20
MERGED from [com.google.android.gms:play-services-measurement-base:16.0.2] AndroidManifest.xml:7:5-20
MERGED from [com.google.android.gms:play-services-measurement-base:16.0.2] AndroidManifest.xml:7:5-20
	android:appComponentFactory
		ADDED from [com.android.support:support-compat:28.0.0] AndroidManifest.xml:22:18-91
	android:label
		ADDED from src\main\AndroidManifest.xml:17:7-39
		ADDED from src\main\AndroidManifest.xml:17:7-39
	tools:ignore
		ADDED from src\debug\AndroidManifest.xml:7:75-114
	android:roundIcon
		ADDED from src\main\AndroidManifest.xml:19:7-46
		ADDED from src\main\AndroidManifest.xml:19:7-46
	tools:targetApi
		ADDED from src\debug\AndroidManifest.xml:7:54-74
	android:largeHeap
		ADDED from src\main\AndroidManifest.xml:21:7-31
		ADDED from src\main\AndroidManifest.xml:21:7-31
	android:icon
		ADDED from src\main\AndroidManifest.xml:18:7-41
		ADDED from src\main\AndroidManifest.xml:18:7-41
	android:allowBackup
		ADDED from src\main\AndroidManifest.xml:20:7-34
		ADDED from src\main\AndroidManifest.xml:20:7-34
	android:theme
		ADDED from src\main\AndroidManifest.xml:23:7-41
		ADDED from src\main\AndroidManifest.xml:23:7-41
	android:usesCleartextTraffic
		ADDED from src\main\AndroidManifest.xml:22:7-42
	android:name
		ADDED from src\main\AndroidManifest.xml:16:7-38
		ADDED from src\main\AndroidManifest.xml:16:7-38
meta-data#com.google.firebase.messaging.default_notification_icon
ADDED from src\main\AndroidManifest.xml:24:7-129
	android:resource
		ADDED from src\main\AndroidManifest.xml:24:89-127
	android:name
		ADDED from src\main\AndroidManifest.xml:24:18-88
meta-data#com.google.firebase.messaging.default_notification_channel_id
ADDED from src\main\AndroidManifest.xml:25:7-131
	android:value
		ADDED from src\main\AndroidManifest.xml:25:95-129
	android:name
		ADDED from src\main\AndroidManifest.xml:25:18-94
service#io.invertase.firebase.messaging.RNFirebaseMessagingService
ADDED from src\main\AndroidManifest.xml:27:7-31:17
	android:name
		ADDED from src\main\AndroidManifest.xml:27:16-89
intent-filter#action:name:com.google.firebase.MESSAGING_EVENT
ADDED from src\main\AndroidManifest.xml:28:9-30:25
action#com.google.firebase.MESSAGING_EVENT
ADDED from src\main\AndroidManifest.xml:29:11-72
	android:name
		ADDED from src\main\AndroidManifest.xml:29:19-69
service#io.invertase.firebase.messaging.RNFirebaseInstanceIdService
ADDED from src\main\AndroidManifest.xml:32:7-36:17
	android:name
		ADDED from src\main\AndroidManifest.xml:32:16-90
intent-filter#action:name:com.google.firebase.INSTANCE_ID_EVENT
ADDED from src\main\AndroidManifest.xml:33:9-35:25
action#com.google.firebase.INSTANCE_ID_EVENT
ADDED from src\main\AndroidManifest.xml:34:11-73
	android:name
		ADDED from src\main\AndroidManifest.xml:34:19-71
service#io.invertase.firebase.messaging.RNFirebaseBackgroundMessagingService
ADDED from src\main\AndroidManifest.xml:37:7-102
	android:name
		ADDED from src\main\AndroidManifest.xml:37:16-99
service#com.evollu.react.fcm.InstanceIdService
ADDED from src\main\AndroidManifest.xml:39:7-43:17
	android:exported
		ADDED from src\main\AndroidManifest.xml:39:70-94
	android:name
		ADDED from src\main\AndroidManifest.xml:39:16-69
receiver#com.evollu.react.fcm.FIRLocalMessagingPublisher
ADDED from src\main\AndroidManifest.xml:44:7-81
	android:name
		ADDED from src\main\AndroidManifest.xml:44:17-79
receiver#com.evollu.react.fcm.FIRSystemBootEventReceiver
ADDED from src\main\AndroidManifest.xml:45:7-52:18
	android:enabled
		ADDED from src\main\AndroidManifest.xml:45:17-39
	android:exported
		ADDED from src\main\AndroidManifest.xml:45:40-63
	android:name
		ADDED from src\main\AndroidManifest.xml:45:65-127
intent-filter#action:name:android.intent.action.BOOT_COMPLETED+action:name:android.intent.action.QUICKBOOT_POWERON+action:name:com.htc.intent.action.QUICKBOOT_POWERON+category:name:android.intent.category.DEFAULT
ADDED from src\main\AndroidManifest.xml:46:11-51:27
action#android.intent.action.BOOT_COMPLETED
ADDED from src\main\AndroidManifest.xml:47:15-76
	android:name
		ADDED from src\main\AndroidManifest.xml:47:23-74
action#android.intent.action.QUICKBOOT_POWERON
ADDED from src\main\AndroidManifest.xml:48:15-79
	android:name
		ADDED from src\main\AndroidManifest.xml:48:23-77
action#com.htc.intent.action.QUICKBOOT_POWERON
ADDED from src\main\AndroidManifest.xml:49:15-79
	android:name
		ADDED from src\main\AndroidManifest.xml:49:23-77
category#android.intent.category.DEFAULT
ADDED from src\main\AndroidManifest.xml:50:15-74
	android:name
		ADDED from src\main\AndroidManifest.xml:50:25-71
activity#com.pys.dazzleddate.MainActivity
ADDED from src\main\AndroidManifest.xml:53:7-63:18
	android:label
		ADDED from src\main\AndroidManifest.xml:55:9-41
	android:launchMode
		ADDED from src\main\AndroidManifest.xml:56:9-39
	android:windowSoftInputMode
		ADDED from src\main\AndroidManifest.xml:58:9-51
	android:configChanges
		ADDED from src\main\AndroidManifest.xml:57:9-79
	android:name
		ADDED from src\main\AndroidManifest.xml:54:9-37
intent-filter#action:name:android.intent.action.MAIN+category:name:android.intent.category.LAUNCHER
ADDED from src\main\AndroidManifest.xml:59:9-62:25
action#android.intent.action.MAIN
ADDED from src\main\AndroidManifest.xml:60:13-65
	android:name
		ADDED from src\main\AndroidManifest.xml:60:21-62
category#android.intent.category.LAUNCHER
ADDED from src\main\AndroidManifest.xml:61:13-73
	android:name
		ADDED from src\main\AndroidManifest.xml:61:23-70
activity#com.facebook.react.devsupport.DevSettingsActivity
ADDED from src\main\AndroidManifest.xml:64:7-84
	android:name
		ADDED from src\main\AndroidManifest.xml:64:17-81
uses-sdk
INJECTED from src\main\AndroidManifest.xml reason: use-sdk injection requested
INJECTED from src\main\AndroidManifest.xml
INJECTED from src\main\AndroidManifest.xml
MERGED from [:react-native-firebase] AndroidManifest.xml:7:5-9:41
MERGED from [:react-native-firebase] AndroidManifest.xml:7:5-9:41
MERGED from [com.android.support:multidex:1.0.2] AndroidManifest.xml:20:5-43
MERGED from [com.android.support:multidex:1.0.2] AndroidManifest.xml:20:5-43
MERGED from [:react-native-geolocation-service] AndroidManifest.xml:5:5-7:41
MERGED from [:react-native-geolocation-service] AndroidManifest.xml:5:5-7:41
MERGED from [:react-native-gesture-handler] AndroidManifest.xml:7:5-9:41
MERGED from [:react-native-gesture-handler] AndroidManifest.xml:7:5-9:41
MERGED from [:react-native-fcm] AndroidManifest.xml:7:5-9:41
MERGED from [:react-native-fcm] AndroidManifest.xml:7:5-9:41
MERGED from [:react-native-device-info] AndroidManifest.xml:7:5-9:41
MERGED from [:react-native-device-info] AndroidManifest.xml:7:5-9:41
MERGED from [:react-native-video] AndroidManifest.xml:7:5-9:41
MERGED from [:react-native-video] AndroidManifest.xml:7:5-9:41
MERGED from [:react-native-wheel-picker] AndroidManifest.xml:7:5-9:41
MERGED from [:react-native-wheel-picker] AndroidManifest.xml:7:5-9:41
MERGED from [:react-native-fs] AndroidManifest.xml:7:5-9:41
MERGED from [:react-native-fs] AndroidManifest.xml:7:5-9:41
MERGED from [:react-native-camera] AndroidManifest.xml:5:5-7:41
MERGED from [:react-native-camera] AndroidManifest.xml:5:5-7:41
MERGED from [:@react-native-community_async-storage] AndroidManifest.xml:5:5-7:41
MERGED from [:@react-native-community_async-storage] AndroidManifest.xml:5:5-7:41
MERGED from [:react-native-image-picker] AndroidManifest.xml:7:5-9:41
MERGED from [:react-native-image-picker] AndroidManifest.xml:7:5-9:41
MERGED from [com.facebook.react:react-native:0.59.9] AndroidManifest.xml:7:5-9:41
MERGED from [com.facebook.react:react-native:0.59.9] AndroidManifest.xml:7:5-9:41
MERGED from [com.android.support:appcompat-v7:28.0.0] AndroidManifest.xml:20:5-44
MERGED from [com.android.support:appcompat-v7:28.0.0] AndroidManifest.xml:20:5-44
MERGED from [com.google.firebase:firebase-core:16.0.3] AndroidManifest.xml:5:5-44
MERGED from [com.google.firebase:firebase-core:16.0.3] AndroidManifest.xml:5:5-44
MERGED from [com.google.firebase:firebase-messaging:17.6.0] AndroidManifest.xml:20:5-44
MERGED from [com.google.firebase:firebase-messaging:17.6.0] AndroidManifest.xml:20:5-44
MERGED from [com.google.android.gms:play-services-location:16.0.0] AndroidManifest.xml:5:5-44
MERGED from [com.google.android.gms:play-services-location:16.0.0] AndroidManifest.xml:5:5-44
MERGED from [com.google.android.gms:play-services-gcm:16.1.0] AndroidManifest.xml:20:5-44
MERGED from [com.google.android.gms:play-services-gcm:16.1.0] AndroidManifest.xml:20:5-44
MERGED from [com.google.android.gms:play-services-vision:17.0.2] AndroidManifest.xml:5:5-44
MERGED from [com.google.android.gms:play-services-vision:17.0.2] AndroidManifest.xml:5:5-44
MERGED from [com.google.firebase:firebase-measurement-connector-impl:17.0.1] AndroidManifest.xml:20:5-44
MERGED from [com.google.firebase:firebase-measurement-connector-impl:17.0.1] AndroidManifest.xml:20:5-44
MERGED from [com.google.firebase:firebase-analytics:16.0.3] AndroidManifest.xml:20:5-44
MERGED from [com.google.firebase:firebase-analytics:16.0.3] AndroidManifest.xml:20:5-44
MERGED from [com.google.android.gms:play-services-measurement-api:16.0.1] AndroidManifest.xml:20:5-44
MERGED from [com.google.android.gms:play-services-measurement-api:16.0.1] AndroidManifest.xml:20:5-44
MERGED from [com.google.firebase:firebase-analytics-impl:16.2.1] AndroidManifest.xml:20:5-44
MERGED from [com.google.firebase:firebase-analytics-impl:16.2.1] AndroidManifest.xml:20:5-44
MERGED from [com.google.firebase:firebase-iid:17.1.2] AndroidManifest.xml:20:5-44
MERGED from [com.google.firebase:firebase-iid:17.1.2] AndroidManifest.xml:20:5-44
MERGED from [com.google.firebase:firebase-common:16.1.0] AndroidManifest.xml:6:5-8:41
MERGED from [com.google.firebase:firebase-common:16.1.0] AndroidManifest.xml:6:5-8:41
MERGED from [com.google.android.gms:play-services-iid:16.0.1] AndroidManifest.xml:20:5-44
MERGED from [com.google.android.gms:play-services-iid:16.0.1] AndroidManifest.xml:20:5-44
MERGED from [com.google.android.gms:play-services-vision-common:17.0.2] AndroidManifest.xml:5:5-44
MERGED from [com.google.android.gms:play-services-vision-common:17.0.2] AndroidManifest.xml:5:5-44
MERGED from [com.google.firebase:firebase-iid-interop:16.0.1] AndroidManifest.xml:5:5-44
MERGED from [com.google.firebase:firebase-iid-interop:16.0.1] AndroidManifest.xml:5:5-44
MERGED from [com.google.android.gms:play-services-clearcut:16.0.0] AndroidManifest.xml:20:5-44
MERGED from [com.google.android.gms:play-services-clearcut:16.0.0] AndroidManifest.xml:20:5-44
MERGED from [com.google.android.gms:play-services-flags:16.0.1] AndroidManifest.xml:20:5-44
MERGED from [com.google.android.gms:play-services-flags:16.0.1] AndroidManifest.xml:20:5-44
MERGED from [com.google.android.gms:play-services-phenotype:16.0.0] AndroidManifest.xml:20:5-44
MERGED from [com.google.android.gms:play-services-phenotype:16.0.0] AndroidManifest.xml:20:5-44
MERGED from [com.google.android.gms:play-services-base:16.0.1] AndroidManifest.xml:20:5-44
MERGED from [com.google.android.gms:play-services-base:16.0.1] AndroidManifest.xml:20:5-44
MERGED from [com.google.android.gms:play-services-tasks:16.0.1] AndroidManifest.xml:5:5-44
MERGED from [com.google.android.gms:play-services-tasks:16.0.1] AndroidManifest.xml:5:5-44
MERGED from [com.google.firebase:firebase-measurement-connector:17.0.1] AndroidManifest.xml:20:5-44
MERGED from [com.google.firebase:firebase-measurement-connector:17.0.1] AndroidManifest.xml:20:5-44
MERGED from [com.google.android.gms:play-services-places-placereport:16.0.0] AndroidManifest.xml:20:5-44
MERGED from [com.google.android.gms:play-services-places-placereport:16.0.0] AndroidManifest.xml:20:5-44
MERGED from [com.google.android.gms:play-services-stats:16.0.1] AndroidManifest.xml:5:5-44
MERGED from [com.google.android.gms:play-services-stats:16.0.1] AndroidManifest.xml:5:5-44
MERGED from [com.google.android.gms:play-services-ads-identifier:15.0.1] AndroidManifest.xml:20:5-44